<?xml version="1.0" encoding="UTF-8"?>
<testng-results skipped="0" failed="1" ignored="0" total="5" passed="4">
  <reporter-output>
  </reporter-output>
  <suite name="Default suite" duration-ms="157058" started-at="2018-02-28T10:31:22Z" finished-at="2018-02-28T10:33:59Z">
    <groups>
    </groups>
    <test name="Default test" duration-ms="157058" started-at="2018-02-28T10:31:22Z" finished-at="2018-02-28T10:33:59Z">
      <class name="book_flight.indigoairlines_2.Ticket_booking">
        <test-method status="PASS" signature="launch()[pri:0, instance:book_flight.indigoairlines_2.Ticket_booking@3532ec19]" name="launch" is-config="true" duration-ms="10945" started-at="2018-02-28T10:31:22Z" finished-at="2018-02-28T10:31:33Z">
          <reporter-output>
          </reporter-output>
        </test-method> <!-- launch -->
        <test-method status="PASS" signature="ticket_booking()[pri:0, instance:book_flight.indigoairlines_2.Ticket_booking@3532ec19]" name="ticket_booking" duration-ms="5443" started-at="2018-02-28T10:31:33Z" finished-at="2018-02-28T10:31:38Z">
          <reporter-output>
          </reporter-output>
        </test-method> <!-- ticket_booking -->
        <test-method status="PASS" signature="close()[pri:0, instance:book_flight.indigoairlines_2.Ticket_booking@3532ec19]" name="close" is-config="true" duration-ms="11889" started-at="2018-02-28T10:31:38Z" finished-at="2018-02-28T10:31:50Z">
          <reporter-output>
          </reporter-output>
        </test-method> <!-- close -->
        <test-method status="PASS" signature="launch()[pri:0, instance:book_flight.indigoairlines_2.Ticket_booking@3532ec19]" name="launch" is-config="true" duration-ms="10792" started-at="2018-02-28T10:31:50Z" finished-at="2018-02-28T10:32:01Z">
          <reporter-output>
          </reporter-output>
        </test-method> <!-- launch -->
        <test-method status="PASS" signature="new_tab()[pri:1, instance:book_flight.indigoairlines_2.Ticket_booking@3532ec19]" name="new_tab" duration-ms="6236" started-at="2018-02-28T10:32:01Z" finished-at="2018-02-28T10:32:07Z">
          <reporter-output>
          </reporter-output>
        </test-method> <!-- new_tab -->
        <test-method status="PASS" signature="close()[pri:0, instance:book_flight.indigoairlines_2.Ticket_booking@3532ec19]" name="close" is-config="true" duration-ms="9081" started-at="2018-02-28T10:32:07Z" finished-at="2018-02-28T10:32:16Z">
          <reporter-output>
          </reporter-output>
        </test-method> <!-- close -->
        <test-method status="PASS" signature="launch()[pri:0, instance:book_flight.indigoairlines_2.Ticket_booking@3532ec19]" name="launch" is-config="true" duration-ms="16215" started-at="2018-02-28T10:32:16Z" finished-at="2018-02-28T10:32:32Z">
          <reporter-output>
          </reporter-output>
        </test-method> <!-- launch -->
        <test-method status="PASS" signature="radio_button()[pri:2, instance:book_flight.indigoairlines_2.Ticket_booking@3532ec19]" name="radio_button" duration-ms="3638" started-at="2018-02-28T10:32:32Z" finished-at="2018-02-28T10:32:36Z">
          <reporter-output>
          </reporter-output>
        </test-method> <!-- radio_button -->
        <test-method status="PASS" signature="close()[pri:0, instance:book_flight.indigoairlines_2.Ticket_booking@3532ec19]" name="close" is-config="true" duration-ms="11405" started-at="2018-02-28T10:32:36Z" finished-at="2018-02-28T10:32:47Z">
          <reporter-output>
          </reporter-output>
        </test-method> <!-- close -->
        <test-method status="PASS" signature="launch()[pri:0, instance:book_flight.indigoairlines_2.Ticket_booking@3532ec19]" name="launch" is-config="true" duration-ms="20367" started-at="2018-02-28T10:32:47Z" finished-at="2018-02-28T10:33:08Z">
          <reporter-output>
          </reporter-output>
        </test-method> <!-- launch -->
        <test-method status="FAIL" signature="footer()[pri:3, instance:book_flight.indigoairlines_2.Ticket_booking@3532ec19]" name="footer" duration-ms="583" started-at="2018-02-28T10:33:08Z" finished-at="2018-02-28T10:33:08Z">
          <exception class="org.openqa.selenium.WebDriverException">
            <message>
              <![CDATA[unknown error: Element is not clickable at point (632, 677)
  (Session info: chrome=64.0.3282.186)
  (Driver info: chromedriver=2.33.506120 (e3e53437346286c0bc2d2dc9aa4915ba81d9023f),platform=Windows NT 6.1.7601 SP1 x86_64) (WARNING: The server did not provide any stacktrace information)
Command duration or timeout: 0 milliseconds
Build info: version: '3.9.1', revision: '63f7b50', time: '2018-02-07T22:25:02.294Z'
System info: host: 'USER-PC', ip: '192.168.0.133', os.name: 'Windows 7', os.arch: 'amd64', os.version: '6.1', java.version: '1.8.0_162'
Driver info: org.openqa.selenium.chrome.ChromeDriver
Capabilities {acceptSslCerts: true, applicationCacheEnabled: false, browserConnectionEnabled: false, browserName: chrome, chrome: {chromedriverVersion: 2.33.506120 (e3e53437346286..., userDataDir: C:\Users\sami\AppData\Local...}, cssSelectorsEnabled: true, databaseEnabled: false, handlesAlerts: true, hasTouchScreen: false, javascriptEnabled: true, locationContextEnabled: true, mobileEmulationEnabled: false, nativeEvents: true, networkConnectionEnabled: false, pageLoadStrategy: normal, platform: XP, platformName: XP, rotatable: false, setWindowRect: true, takesHeapSnapshot: true, takesScreenshot: true, unexpectedAlertBehaviour: , unhandledPromptBehavior: , version: 64.0.3282.186, webStorageEnabled: true}
Session ID: a59aa8fd189255d39f715079c53ec6e2]]>
            </message>
            <full-stacktrace>
              <![CDATA[org.openqa.selenium.WebDriverException: unknown error: Element is not clickable at point (632, 677)
  (Session info: chrome=64.0.3282.186)
  (Driver info: chromedriver=2.33.506120 (e3e53437346286c0bc2d2dc9aa4915ba81d9023f),platform=Windows NT 6.1.7601 SP1 x86_64) (WARNING: The server did not provide any stacktrace information)
Command duration or timeout: 0 milliseconds
Build info: version: '3.9.1', revision: '63f7b50', time: '2018-02-07T22:25:02.294Z'
System info: host: 'USER-PC', ip: '192.168.0.133', os.name: 'Windows 7', os.arch: 'amd64', os.version: '6.1', java.version: '1.8.0_162'
Driver info: org.openqa.selenium.chrome.ChromeDriver
Capabilities {acceptSslCerts: true, applicationCacheEnabled: false, browserConnectionEnabled: false, browserName: chrome, chrome: {chromedriverVersion: 2.33.506120 (e3e53437346286..., userDataDir: C:\Users\sami\AppData\Local...}, cssSelectorsEnabled: true, databaseEnabled: false, handlesAlerts: true, hasTouchScreen: false, javascriptEnabled: true, locationContextEnabled: true, mobileEmulationEnabled: false, nativeEvents: true, networkConnectionEnabled: false, pageLoadStrategy: normal, platform: XP, platformName: XP, rotatable: false, setWindowRect: true, takesHeapSnapshot: true, takesScreenshot: true, unexpectedAlertBehaviour: , unhandledPromptBehavior: , version: 64.0.3282.186, webStorageEnabled: true}
Session ID: a59aa8fd189255d39f715079c53ec6e2
at sun.reflect.NativeConstructorAccessorImpl.newInstance0(Native Method)
at sun.reflect.NativeConstructorAccessorImpl.newInstance(Unknown Source)
at sun.reflect.DelegatingConstructorAccessorImpl.newInstance(Unknown Source)
at java.lang.reflect.Constructor.newInstance(Unknown Source)
at org.openqa.selenium.remote.ErrorHandler.createThrowable(ErrorHandler.java:214)
at org.openqa.selenium.remote.ErrorHandler.throwIfResponseFailed(ErrorHandler.java:166)
at org.openqa.selenium.remote.http.JsonHttpResponseCodec.reconstructValue(JsonHttpResponseCodec.java:40)
at org.openqa.selenium.remote.http.AbstractHttpResponseCodec.decode(AbstractHttpResponseCodec.java:80)
at org.openqa.selenium.remote.http.AbstractHttpResponseCodec.decode(AbstractHttpResponseCodec.java:44)
at org.openqa.selenium.remote.HttpCommandExecutor.execute(HttpCommandExecutor.java:160)
at org.openqa.selenium.remote.service.DriverCommandExecutor.execute(DriverCommandExecutor.java:83)
at org.openqa.selenium.remote.RemoteWebDriver.execute(RemoteWebDriver.java:601)
at org.openqa.selenium.remote.RemoteWebElement.execute(RemoteWebElement.java:279)
at org.openqa.selenium.remote.RemoteWebElement.click(RemoteWebElement.java:83)
at book_flight.indigoairlines_2.Ticket_booking.footer(Ticket_booking.java:70)
at sun.reflect.NativeMethodAccessorImpl.invoke0(Native Method)
at sun.reflect.NativeMethodAccessorImpl.invoke(Unknown Source)
at sun.reflect.DelegatingMethodAccessorImpl.invoke(Unknown Source)
at java.lang.reflect.Method.invoke(Unknown Source)
at org.testng.internal.MethodInvocationHelper.invokeMethod(MethodInvocationHelper.java:124)
at org.testng.internal.Invoker.invokeMethod(Invoker.java:580)
at org.testng.internal.Invoker.invokeTestMethod(Invoker.java:716)
at org.testng.internal.Invoker.invokeTestMethods(Invoker.java:988)
at org.testng.internal.TestMethodWorker.invokeTestMethods(TestMethodWorker.java:125)
at org.testng.internal.TestMethodWorker.run(TestMethodWorker.java:109)
at org.testng.TestRunner.privateRun(TestRunner.java:648)
at org.testng.TestRunner.run(TestRunner.java:505)
at org.testng.SuiteRunner.runTest(SuiteRunner.java:455)
at org.testng.SuiteRunner.runSequentially(SuiteRunner.java:450)
at org.testng.SuiteRunner.privateRun(SuiteRunner.java:415)
at org.testng.SuiteRunner.run(SuiteRunner.java:364)
at org.testng.SuiteRunnerWorker.runSuite(SuiteRunnerWorker.java:52)
at org.testng.SuiteRunnerWorker.run(SuiteRunnerWorker.java:84)
at org.testng.TestNG.runSuitesSequentially(TestNG.java:1208)
at org.testng.TestNG.runSuitesLocally(TestNG.java:1137)
at org.testng.TestNG.runSuites(TestNG.java:1049)
at org.testng.TestNG.run(TestNG.java:1017)
at org.testng.remote.AbstractRemoteTestNG.run(AbstractRemoteTestNG.java:114)
at org.testng.remote.RemoteTestNG.initAndRun(RemoteTestNG.java:251)
at org.testng.remote.RemoteTestNG.main(RemoteTestNG.java:77)
]]>
            </full-stacktrace>
          </exception> <!-- org.openqa.selenium.WebDriverException -->
          <reporter-output>
          </reporter-output>
        </test-method> <!-- footer -->
        <test-method status="PASS" signature="close()[pri:0, instance:book_flight.indigoairlines_2.Ticket_booking@3532ec19]" name="close" is-config="true" duration-ms="11391" started-at="2018-02-28T10:33:08Z" finished-at="2018-02-28T10:33:20Z">
          <reporter-output>
          </reporter-output>
        </test-method> <!-- close -->
        <test-method status="PASS" signature="launch()[pri:0, instance:book_flight.indigoairlines_2.Ticket_booking@3532ec19]" name="launch" is-config="true" duration-ms="11710" started-at="2018-02-28T10:33:20Z" finished-at="2018-02-28T10:33:32Z">
          <reporter-output>
          </reporter-output>
        </test-method> <!-- launch -->
        <test-method status="PASS" signature="road_map()[pri:4, instance:book_flight.indigoairlines_2.Ticket_booking@3532ec19]" name="road_map" duration-ms="15862" started-at="2018-02-28T10:33:32Z" finished-at="2018-02-28T10:33:47Z">
          <reporter-output>
          </reporter-output>
        </test-method> <!-- road_map -->
        <test-method status="PASS" signature="close()[pri:0, instance:book_flight.indigoairlines_2.Ticket_booking@3532ec19]" name="close" is-config="true" duration-ms="11380" started-at="2018-02-28T10:33:47Z" finished-at="2018-02-28T10:33:59Z">
          <reporter-output>
          </reporter-output>
        </test-method> <!-- close -->
      </class> <!-- book_flight.indigoairlines_2.Ticket_booking -->
    </test> <!-- Default test -->
  </suite> <!-- Default suite -->
</testng-results>
